0 info it worked if it ends with ok
1 verbose cli [ 'node', '/usr/local/bin/npm', 'publish' ]
2 info using npm@1.4.23
3 info using node@v0.10.28
4 verbose publish [ '.' ]
5 verbose cache add [ '.', null ]
6 verbose cache add name=undefined spec="." args=[".",null]
7 verbose parsed url { protocol: null,
7 verbose parsed url   slashes: null,
7 verbose parsed url   auth: null,
7 verbose parsed url   host: null,
7 verbose parsed url   port: null,
7 verbose parsed url   hostname: null,
7 verbose parsed url   hash: null,
7 verbose parsed url   search: null,
7 verbose parsed url   query: null,
7 verbose parsed url   pathname: '.',
7 verbose parsed url   path: '.',
7 verbose parsed url   href: '.' }
8 silly lockFile 3a52ce78- .
9 verbose lock . /Users/niallobrien/.npm/3a52ce78-.lock
10 verbose tar pack [ '/Users/niallobrien/.npm/generator-ee-foundation/0.2.0/package.tgz',
10 verbose tar pack   '.' ]
11 verbose tarball /Users/niallobrien/.npm/generator-ee-foundation/0.2.0/package.tgz
12 verbose folder .
13 info prepublish generator-ee-foundation@0.2.0
14 silly lockFile 1f1177db-tar tar://.
15 verbose lock tar://. /Users/niallobrien/.npm/1f1177db-tar.lock
16 silly lockFile 9e5a0e4b--ee-foundation-0-2-0-package-tgz tar:///Users/niallobrien/.npm/generator-ee-foundation/0.2.0/package.tgz
17 verbose lock tar:///Users/niallobrien/.npm/generator-ee-foundation/0.2.0/package.tgz /Users/niallobrien/.npm/9e5a0e4b--ee-foundation-0-2-0-package-tgz.lock
18 silly lockFile 1f1177db-tar tar://.
19 silly lockFile 1f1177db-tar tar://.
20 silly lockFile 9e5a0e4b--ee-foundation-0-2-0-package-tgz tar:///Users/niallobrien/.npm/generator-ee-foundation/0.2.0/package.tgz
21 silly lockFile 9e5a0e4b--ee-foundation-0-2-0-package-tgz tar:///Users/niallobrien/.npm/generator-ee-foundation/0.2.0/package.tgz
22 silly lockFile 8ab586bb-ator-ee-foundation-0-2-0-package /Users/niallobrien/.npm/generator-ee-foundation/0.2.0/package
23 verbose lock /Users/niallobrien/.npm/generator-ee-foundation/0.2.0/package /Users/niallobrien/.npm/8ab586bb-ator-ee-foundation-0-2-0-package.lock
24 silly lockFile 8ab586bb-ator-ee-foundation-0-2-0-package /Users/niallobrien/.npm/generator-ee-foundation/0.2.0/package
25 silly lockFile 8ab586bb-ator-ee-foundation-0-2-0-package /Users/niallobrien/.npm/generator-ee-foundation/0.2.0/package
26 silly lockFile 3a52ce78- .
27 silly lockFile 3a52ce78- .
28 silly publish { name: 'generator-ee-foundation',
28 silly publish   version: '0.2.0',
28 silly publish   description: 'Scaffold out a Foundation 5 front-end web app using Sass (node-sass) by default',
28 silly publish   license: 'BSD',
28 silly publish   repository:
28 silly publish    { type: 'git',
28 silly publish      url: 'https://github.com/niallobrien/generator-ee-foundation' },
28 silly publish   author: { name: 'Niall O\'Brien' },
28 silly publish   main: 'app/index.js',
28 silly publish   engines: { node: '>=0.10.0', npm: '>=1.3' },
28 silly publish   scripts: { test: 'mocha --reporter spec' },
28 silly publish   files: [ 'app' ],
28 silly publish   keywords:
28 silly publish    [ 'yeoman-generator',
28 silly publish      'web',
28 silly publish      'app',
28 silly publish      'front-end',
28 silly publish      'h5bp',
28 silly publish      'jquery',
28 silly publish      'gulp',
28 silly publish      'foundation',
28 silly publish      'browsersync',
28 silly publish      'expression',
28 silly publish      'engine' ],
28 silly publish   dependencies:
28 silly publish    { chalk: '^0.4.0',
28 silly publish      cheerio: '^0.16.0',
28 silly publish      wiredep: '^1.4.3',
28 silly publish      'yeoman-generator': '^0.17.0',
28 silly publish      yosay: '^0.2.0' },
28 silly publish   peerDependencies: { yo: '>=1.0.0', 'generator-mocha': '>=0.1.0', gulp: '>=3.5.0' },
28 silly publish   devDependencies: { mocha: '*' },
28 silly publish   readme: '# Foundation asset pipeline for Expression Engine\n\n[Yeoman](http://yeoman.io) generator that scaffolds out a Foundation 5 front-end for Expression Engine using [Gulp](http://gulpjs.com/) for the build process.\n\n## Features\n\n* Any changes you make to your html, styles, scripts etc. will be automatically shown without you having to refresh the browser or worry about compiling etc. Welcome to awesome-town my friend! :)\n\n\n* Built-in preview server with BrowserSync *(new)*\n* CSS Autoprefixing *(new)*\n* Automagically compile Sass (via libsass) *(new)*\n* Automagically lint your scripts\n* Awesome Image Optimization (via OptiPNG, pngquant, jpegtran and gifsicle)\n* Automagically wire-up dependencies installed with [Bower](http://bower.io) (when you run `gulp watch` or `gulp wiredep`)\n\n## Getting Started\n\n- Install Expression Engine into your project directory\n- Set your vhost/server name to `dev.ee.local` in MAMP etc. and point it to your project.\n- Install: `npm install generator-ee-foundation -g`.\n- Run: `yo ee-foundation` in your project directory.\n- Within Expression Engine, set your master template to `master.html` under `admin/templates/default_site/layouts.group/` which was created by this generator (I like to rename the Expression Engine `system` directory to `admin`).\n- Run `gulp watch` when developing. This will wire all bower dependencies & watch your styles, scripts and even your Gulpfile for changes and automatically reload the browser.\n- Default styles are included for `small`, `medium` and `large` breakpoints, so style accordingly.\n- When ready to deploy, run `gulp build` and this will generate a `dist` directory (distribution) which will contain your production ready files, ready to be deployed.\n- If you want to over-ride any of Foundation\'s settings, please see `_settings.scss`.\n- Hit me up with questions on Twitter: @niall_obrien\n\n\n## NOTE\nLibsass (gulp-sass) does not yet support all of the features of Ruby Sass >= 3.3. At the moment, gulp-sass cannot compile Foundation 5.4.3 out of the box as they\'re using Sass syntax >= 3.3. Please see [this open issue](https://github.com/zurb/foundation/pull/5632) and [this forum thread](http://foundation.zurb.com/forum/posts/19063-grunt---error-error-reading-values-after----libsass). Remove the `!global` statement from the `_functions.scss` file and gulp-sass will work. I tried gulp-ruby-sass, which can compile with no problems, but damn it\'s slow!\n\n\n#### Third-Party Dependencies\n\n*(HTML/CSS/JS/Images/etc)*\n\nTo install dependencies, run `bower install depName --save` to get the files. When you run `gulp watch` again, it will automatically wire your dependencies in your `master.html` file.\n\n## Options\n\n* `--skip-install`\n\n  Skips the automatic execution of `bower` and `npm` after scaffolding has finished.\n\n* `--test-framework=<framework>`\n\n  Defaults to `mocha`. Can be switched for another supported testing framework like `jasmine`.\n\n\n## License\n\n[BSD license](http://opensource.org/licenses/bsd-license.php)\n',
28 silly publish   readmeFilename: 'README.md',
28 silly publish   gitHead: '337bee8067d59d6fe348a831ea60074e54c0e911',
28 silly publish   bugs: { url: 'https://github.com/niallobrien/generator-ee-foundation/issues' },
28 silly publish   homepage: 'https://github.com/niallobrien/generator-ee-foundation',
28 silly publish   _id: 'generator-ee-foundation@0.2.0',
28 silly publish   _shasum: 'e3ac29b146e8c4189b4a6790a4ec47ca324bcf6c',
28 silly publish   _from: '.' }
29 verbose request where is /generator-ee-foundation
30 verbose request registry https://registry.npmjs.org/
31 verbose request id 25d08b65083048d7
32 verbose url raw /generator-ee-foundation
33 verbose url resolving [ 'https://registry.npmjs.org/', './generator-ee-foundation' ]
34 verbose url resolved https://registry.npmjs.org/generator-ee-foundation
35 verbose request where is https://registry.npmjs.org/generator-ee-foundation
36 info trying registry request attempt 1 at 23:18:38
37 http PUT https://registry.npmjs.org/generator-ee-foundation
38 http 403 https://registry.npmjs.org/generator-ee-foundation
39 verbose headers { date: 'Mon, 15 Sep 2014 22:18:40 GMT',
39 verbose headers   server: 'CouchDB/1.5.0 (Erlang OTP/R14B04)',
39 verbose headers   'content-type': 'application/json',
39 verbose headers   'cache-control': 'max-age=60',
39 verbose headers   'content-length': '6583',
39 verbose headers   'accept-ranges': 'bytes',
39 verbose headers   via: '1.1 varnish',
39 verbose headers   'x-served-by': 'cache-ams4129-AMS',
39 verbose headers   'x-cache': 'MISS',
39 verbose headers   'x-cache-hits': '0',
39 verbose headers   'x-timer': 'S1410819519.389940,VS0,VE792',
39 verbose headers   'keep-alive': 'timeout=10, max=50',
39 verbose headers   connection: 'Keep-Alive' }
40 error publish Failed PUT 403
41 error Error: forbidden cannot modify pre-existing version: 0.2.0
41 error old={"name":"generator-ee-foundation","version":"0.2.0","description":"Scaffold out a Foundation 5 front-end web app using Sass (node-sass) by default","license":"BSD","repository":{"type":"git","url":"git://github.com/niallobrien/generator-ee-foundation"},"author":{"name":"Niall O'Brien"},"main":"app/index.js","engines":{"node":">=0.10.0","npm":">=1.3"},"scripts":{"test":"mocha --reporter spec"},"files":["app"],"keywords":["yeoman-generator","web","app","front-end","h5bp","jquery","gulp","foundation","browsersync","expression","engine"],"dependencies":{"chalk":"^0.4.0","cheerio":"^0.15.0","wiredep":"^1.4.3","yeoman-generator":"^0.16.0"},"peerDependencies":{"yo":">=1.0.0","generator-mocha":">=0.1.0","gulp":">=3.5.0"},"devDependencies":{"mocha":"*"},"gitHead":"337bee8067d59d6fe348a831ea60074e54c0e911","bugs":{"url":"https://github.com/niallobrien/generator-ee-foundation/issues"},"homepage":"https://github.com/niallobrien/generator-ee-foundation","_id":"generator-ee-foundation@0.2.0","_shasum":"4d07b6d26ed1af4ba38b11675462688cf2a42bc5","_from":".","_npmVersion":"1.4.14","_npmUser":{"name":"niallobrien","email":"me@niallobrien.me"},"maintainers":[{"name":"niallobrien","email":"me@niallobrien.me"}],"dist":{"shasum":"4d07b6d26ed1af4ba38b11675462688cf2a42bc5","tarball":"http://registry.npmjs.org/generator-ee-foundation/-/generator-ee-foundation-0.2.0.tgz"}}
41 error new={"name":"generator-ee-foundation","version":"0.2.0","description":"Scaffold out a Foundation 5 front-end web app using Sass (node-sass) by default","license":"BSD","repository":{"type":"git","url":"https://github.com/niallobrien/generator-ee-foundation"},"author":{"name":"Niall O'Brien"},"main":"app/index.js","engines":{"node":">=0.10.0","npm":">=1.3"},"scripts":{"test":"mocha --reporter spec"},"files":["app"],"keywords":["yeoman-generator","web","app","front-end","h5bp","jquery","gulp","foundation","browsersync","expression","engine"],"dependencies":{"chalk":"^0.4.0","cheerio":"^0.16.0","wiredep":"^1.4.3","yeoman-generator":"^0.17.0","yosay":"^0.2.0"},"peerDependencies":{"yo":">=1.0.0","generator-mocha":">=0.1.0","gulp":">=3.5.0"},"devDependencies":{"mocha":"*"},"readme":"# Foundation asset pipeline for Expression Engine\u000a\u000a[Yeoman](http://yeoman.io) generator that scaffolds out a Foundation 5 front-end for Expression Engine using [Gulp](http://gulpjs.com/) for the build process.\u000a\u000a## Features\u000a\u000a* Any changes you make to your html, styles, scripts etc. will be automatically shown without you having to refresh the browser or worry about compiling etc. Welcome to awesome-town my friend! :)\u000a\u000a\u000a* Built-in preview server with BrowserSync *(new)*\u000a* CSS Autoprefixing *(new)*\u000a* Automagically compile Sass (via libsass) *(new)*\u000a* Automagically lint your scripts\u000a* Awesome Image Optimization (via OptiPNG, pngquant, jpegtran and gifsicle)\u000a* Automagically wire-up dependencies installed with [Bower](http://bower.io) (when you run `gulp watch` or `gulp wiredep`)\u000a\u000a## Getting Started\u000a\u000a- Install Expression Engine into your project directory\u000a- Set your vhost/server name to `dev.ee.local` in MAMP etc. and point it to your project.\u000a- Install: `npm install generator-ee-foundation -g`.\u000a- Run: `yo ee-foundation` in your project directory.\u000a- Within Expression Engine, set your master template to `master.html` under `admin/templates/default_site/layouts.group/` which was created by this generator (I like to rename the Expression Engine `system` directory to `admin`).\u000a- Run `gulp watch` when developing. This will wire all bower dependencies & watch your styles, scripts and even your Gulpfile for changes and automatically reload the browser.\u000a- Default styles are included for `small`, `medium` and `large` breakpoints, so style accordingly.\u000a- When ready to deploy, run `gulp build` and this will generate a `dist` directory (distribution) which will contain your production ready files, ready to be deployed.\u000a- If you want to over-ride any of Foundation's settings, please see `_settings.scss`.\u000a- Hit me up with questions on Twitter: @niall_obrien\u000a\u000a\u000a## NOTE\u000aLibsass (gulp-sass) does not yet support all of the features of Ruby Sass >= 3.3. At the moment, gulp-sass cannot compile Foundation 5.4.3 out of the box as they're using Sass syntax >= 3.3. Please see [this open issue](https://github.com/zurb/foundation/pull/5632) and [this forum thread](http://foundation.zurb.com/forum/posts/19063-grunt---error-error-reading-values-after----libsass). Remove the `!global` statement from the `_functions.scss` file and gulp-sass will work. I tried gulp-ruby-sass, which can compile with no problems, but damn it's slow!\u000a\u000a\u000a#### Third-Party Dependencies\u000a\u000a*(HTML/CSS/JS/Images/etc)*\u000a\u000aTo install dependencies, run `bower install depName --save` to get the files. When you run `gulp watch` again, it will automatically wire your dependencies in your `master.html` file.\u000a\u000a## Options\u000a\u000a* `--skip-install`\u000a\u000a  Skips the automatic execution of `bower` and `npm` after scaffolding has finished.\u000a\u000a* `--test-framework=<framework>`\u000a\u000a  Defaults to `mocha`. Can be switched for another supported testing framework like `jasmine`.\u000a\u000a\u000a## License\u000a\u000a[BSD license](http://opensource.org/licenses/bsd-license.php)\u000a","readmeFilename":"README.md","gitHead":"337bee8067d59d6fe348a831ea60074e54c0e911","bugs":{"url":"https://github.com/niallobrien/generator-ee-foundation/issues"},"homepage":"https://github.com/niallobrien/generator-ee-foundation","_id":"generator-ee-foundation@0.2.0","_shasum":"e3ac29b146e8c4189b4a6790a4ec47ca324bcf6c","_from":".","_npmVersion":"1.4.23","_npmUser":{"name":"niallobrien","email":"me@niallobrien.me"},"maintainers":[{"name":"niallobrien","email":"me@niallobrien.me"}],"dist":{"shasum":"e3ac29b146e8c4189b4a6790a4ec47ca324bcf6c","tarball":"http://registry.npmjs.org/generator-ee-foundation/-/generator-ee-foundation-0.2.0.tgz"}}: generator-ee-foundation
41 error     at RegClient.<anonymous> (/usr/local/lib/node_modules/npm/node_modules/npm-registry-client/lib/request.js:300:14)
41 error     at Request._callback (/usr/local/lib/node_modules/npm/node_modules/npm-registry-client/lib/request.js:238:65)
41 error     at Request.self.callback (/usr/local/lib/node_modules/npm/node_modules/npm-registry-client/node_modules/request/request.js:123:22)
41 error     at Request.EventEmitter.emit (events.js:98:17)
41 error     at Request.<anonymous> (/usr/local/lib/node_modules/npm/node_modules/npm-registry-client/node_modules/request/request.js:1047:14)
41 error     at Request.EventEmitter.emit (events.js:117:20)
41 error     at IncomingMessage.<anonymous> (/usr/local/lib/node_modules/npm/node_modules/npm-registry-client/node_modules/request/request.js:998:12)
41 error     at IncomingMessage.EventEmitter.emit (events.js:117:20)
41 error     at _stream_readable.js:919:16
41 error     at process._tickCallback (node.js:419:13)
42 error If you need help, you may report this *entire* log,
42 error including the npm and node versions, at:
42 error     <http://github.com/npm/npm/issues>
43 error System Darwin 13.3.0
44 error command "node" "/usr/local/bin/npm" "publish"
45 error cwd /Users/niallobrien/dev/yeoman_generators/generator-ee-foundation
46 error node -v v0.10.28
47 error npm -v 1.4.23
48 verbose exit [ 1, true ]
